[debug] [2022-03-30T11:33:48.149Z] ----------------------------------------------------------------------
[debug] [2022-03-30T11:33:48.158Z] Command:       C:\Program Files\nodejs\node.exe C:\Users\Lenovo\AppData\Roaming\npm\node_modules\firebase-tools\lib\bin\firebase.js deploy
[debug] [2022-03-30T11:33:48.160Z] CLI Version:   10.5.0
[debug] [2022-03-30T11:33:48.161Z] Platform:      win32
[debug] [2022-03-30T11:33:48.162Z] Node Version:  v16.14.2
[debug] [2022-03-30T11:33:48.231Z] Time:          Wed Mar 30 2022 17:33:48 GMT+0600 (Bangladesh Standard Time)
[debug] [2022-03-30T11:33:48.233Z] ----------------------------------------------------------------------
[debug] 
[debug] [2022-03-30T11:33:48.451Z] > command requires scopes: ["email","openid","https://www.googleapis.com/auth/cloudplatformprojects.readonly","https://www.googleapis.com/auth/firebase","https://www.googleapis.com/auth/cloud-platform"]
[debug] [2022-03-30T11:33:48.451Z] > authorizing via signed-in user (himelaulad3021@gmail.com)
[debug] [2022-03-30T11:33:48.451Z] [iam] checking project drone-zilla for permissions ["firebase.projects.get","firebasehosting.sites.update"]
[debug] [2022-03-30T11:33:48.453Z] > refreshing access token with scopes: []
[debug] [2022-03-30T11:33:48.453Z] >>> HTTP REQUEST POST https://www.googleapis.com/oauth2/v3/token  
 <request body omitted>
[debug] [2022-03-30T11:33:48.822Z] [iam] error while checking permissions, command may fail: FirebaseError: Authentication Error: Your credentials are no longer valid. Please run firebase login --reauth

For CI servers and headless environments, generate a new token with firebase login:ci
[debug] [2022-03-30T11:33:48.825Z] > refreshing access token with scopes: []
[debug] [2022-03-30T11:33:48.826Z] >>> HTTP REQUEST POST https://www.googleapis.com/oauth2/v3/token  
 <request body omitted>
[debug] [2022-03-30T11:33:49.080Z] Authentication Error: Your credentials are no longer valid. Please run firebase login --reauth

For CI servers and headless environments, generate a new token with firebase login:ci
[debug] [2022-03-30T11:33:49.389Z] FirebaseError: Authentication Error: Your credentials are no longer valid. Please run firebase login --reauth

For CI servers and headless environments, generate a new token with firebase login:ci
    at invalidCredentialError (C:\Users\Lenovo\AppData\Roaming\npm\node_modules\firebase-tools\lib\auth.js:145:12)
    at refreshTokens (C:\Users\Lenovo\AppData\Roaming\npm\node_modules\firebase-tools\lib\auth.js:485:15)
    at processTicksAndRejections (node:internal/process/task_queues:96:5)
    at async Client.getAccessToken (C:\Users\Lenovo\AppData\Roaming\npm\node_modules\firebase-tools\lib\apiv2.js:147:23)
    at async Client.addAuthHeader (C:\Users\Lenovo\AppData\Roaming\npm\node_modules\firebase-tools\lib\apiv2.js:138:21)
    at async Client.request (C:\Users\Lenovo\AppData\Roaming\npm\node_modules\firebase-tools\lib\apiv2.js:94:34)
    at async getFirebaseProject (C:\Users\Lenovo\AppData\Roaming\npm\node_modules\firebase-tools\lib\management\projects.js:290:21)
    at async getDefaultHostingSite (C:\Users\Lenovo\AppData\Roaming\npm\node_modules\firebase-tools\lib\getDefaultHostingSite.js:8:21)
    at async requireHostingSite (C:\Users\Lenovo\AppData\Roaming\npm\node_modules\firebase-tools\lib\requireHostingSite.js:9:18)
    at async Object.fn (C:\Users\Lenovo\AppData\Roaming\npm\node_modules\firebase-tools\lib\commands\deploy.js:73:9)
    at async C:\Users\Lenovo\AppData\Roaming\npm\node_modules\firebase-tools\lib\command.js:188:17
[error] 
[error] Error: Failed to get Firebase project drone-zilla. Please make sure the project exists and your account has permission to access it.
